[debug] [2018-10-17T05:32:18.899Z] ----------------------------------------------------------------------
[debug] [2018-10-17T05:32:18.915Z] Command:       C:\Program Files\nodejs\node.exe C:\Users\sancmart\AppData\Roaming\npm\node_modules\firebase-tools\bin\firebase deploy
[debug] [2018-10-17T05:32:18.915Z] CLI Version:   4.2.1
[debug] [2018-10-17T05:32:18.916Z] Platform:      win32
[debug] [2018-10-17T05:32:18.916Z] Node Version:  v8.11.3
[debug] [2018-10-17T05:32:18.920Z] Time:          Wed Oct 17 2018 00:32:18 GMT-0500 (Central Daylight Time)
[debug] [2018-10-17T05:32:18.920Z] ----------------------------------------------------------------------
[debug] 
[debug] [2018-10-17T05:32:18.950Z] > command requires scopes: ["email","openid","https://www.googleapis.com/auth/cloudplatformprojects.readonly","https://www.googleapis.com/auth/firebase","https://www.googleapis.com/auth/cloud-platform"]
[debug] [2018-10-17T05:32:18.952Z] > authorizing via signed-in user
[debug] [2018-10-17T05:32:18.957Z] > refreshing access token with scopes: ["email","https://www.googleapis.com/auth/cloud-platform","https://www.googleapis.com/auth/cloudplatformprojects.readonly","https://www.googleapis.com/auth/firebase","openid"]
[debug] [2018-10-17T05:32:18.958Z] >>> HTTP REQUEST POST https://www.googleapis.com/oauth2/v3/token  

[debug] [2018-10-17T05:32:19.427Z] <<< HTTP RESPONSE 200
[debug] [2018-10-17T05:32:19.442Z] >>> HTTP REQUEST GET https://admin.firebase.com/v1/projects/mycv-94fb2  
 
[debug] [2018-10-17T05:32:19.841Z] <<< HTTP RESPONSE 200
[info] 
[info] === Deploying to 'mycv-94fb2'...
[info] 
[info] i  deploying hosting
[debug] [2018-10-17T05:32:19.859Z] >>> HTTP REQUEST POST https://firebasehosting.googleapis.com/v1beta1/sites/mycv-94fb2/versions  

[debug] [2018-10-17T05:32:28.370Z] <<< HTTP RESPONSE 200
[info] i  hosting[mycv-94fb2]: beginning deploy...
[info] i  hosting[mycv-94fb2]: found 11 files in dist
[debug] [2018-10-17T05:32:28.405Z] [hosting] hash cache [ZGlzdA] not populated
[debug] [2018-10-17T05:32:28.969Z] [hosting] hash cache [ZGlzdA] stored for 11 files
[debug] [2018-10-17T05:32:28.970Z] [hosting][hash queue][FINAL]
[debug] [2018-10-17T05:32:28.970Z] >>> HTTP REQUEST POST https://firebasehosting.googleapis.com/v1beta1/sites/mycv-94fb2/versions/4a143c23a7124839:populateFiles  
 <request body omitted>
[debug] [2018-10-17T05:32:29.419Z] <<< HTTP RESPONSE 200
[debug] [2018-10-17T05:32:29.433Z] [hosting][populate queue][FINAL]
[debug] [2018-10-17T05:32:29.433Z] [hosting] uploads queued: 9
